[2024-09-25 01:08:25.758]: entering -- org.netbeans.installer.Installer.main():81
[2024-09-25 01:08:25.758]: initializing the installer engine
[2024-09-25 01:08:25.758]:     entering -- org.netbeans.installer.Installer.<init>():116
[2024-09-25 01:08:25.758]:     ... initializing ErrorHandler
[2024-09-25 01:08:25.758]:     ... end of ErrorHandler initialization
[2024-09-25 01:08:25.758]:     exiting -- org.netbeans.installer.Installer.<init>():116
[2024-09-25 01:08:25.765]:     entering -- org.netbeans.installer.Installer.<init>():117
[2024-09-25 01:08:25.765]:     dumping target system information
[2024-09-25 01:08:25.765]:         system properties:
[2024-09-25 01:08:25.765]:             awt.toolkit => sun.awt.windows.WToolkit
[2024-09-25 01:08:25.765]:             file.encoding => Cp1252
[2024-09-25 01:08:25.765]:             file.encoding.pkg => sun.io
[2024-09-25 01:08:25.765]:             file.separator => \
[2024-09-25 01:08:25.765]:             java.awt.graphicsenv => sun.awt.Win32GraphicsEnvironment
[2024-09-25 01:08:25.765]:             java.awt.printerjob => sun.awt.windows.WPrinterJob
[2024-09-25 01:08:25.765]:             java.class.path => C:\Users\prakriti\AppData\Local\Temp\\NBI02961.tmp\uninstall.jar
[2024-09-25 01:08:25.765]:             java.class.version => 52.0
[2024-09-25 01:08:25.765]:             java.endorsed.dirs => C:\Program Files\Java\jre1.8.0_161\lib\endorsed
[2024-09-25 01:08:25.765]:             java.ext.dirs => C:\Program Files\Java\jre1.8.0_161\lib\ext;C:\WINDOWS\Sun\Java\lib\ext
[2024-09-25 01:08:25.765]:             java.home => C:\Program Files\Java\jre1.8.0_161
[2024-09-25 01:08:25.765]:             java.io.tmpdir => C:\Users\prakriti\AppData\Local\Temp\
[2024-09-25 01:08:25.765]:             java.library.path => C:\Program Files\Java\jre1.8.0_161\bin;C:\WINDOWS\Sun\Java\bin;C:\WINDOWS\system32;C:\WINDOWS;C:\oraclexe\app\oracle\product\11.2.0\server\bin;C:\ProgramData\Oracle\Java\javapath;C:\WINDOWS\system32;C:\WINDOWS;C:\WINDOWS\System32\Wbem;C:\WINDOWS\System32\WindowsPowerShell\v1.0\;C:\WINDOWS\System32\OpenSSH\;C:\Program Files\Java\jdk1.8.0_161\bin;C:\Program Files\Java\jre1.8.0_161\bin;C:\Program Files\MySQL\MySQL Server 8.0\bin;C:\Users\prakriti\AppData\Local\Programs\Python\Python312\Scripts\;C:\Users\prakriti\AppData\Local\Programs\Python\Python312\;C:\Users\prakriti\AppData\Local\Programs\Python\Launcher\;C:\Program Files\MySQL\MySQL Shell 8.0\bin\;C:\Users\prakriti\AppData\Local\Microsoft\WindowsApps;C:\Users\prakriti\AppData\Local\Microsoft\WindowsApps;C:\Program Files\JetBrains\PyCharm 2023.3.2\bin;C:\Users\prakriti\AppData\Local\Programs\Microsoft VS Code\bin;.
[2024-09-25 01:08:25.765]:             java.runtime.name => Java(TM) SE Runtime Environment
[2024-09-25 01:08:25.765]:             java.runtime.version => 1.8.0_161-b12
[2024-09-25 01:08:25.765]:             java.specification.name => Java Platform API Specification
[2024-09-25 01:08:25.765]:             java.specification.vendor => Oracle Corporation
[2024-09-25 01:08:25.765]:             java.specification.version => 1.8
[2024-09-25 01:08:25.765]:             java.vendor => Oracle Corporation
[2024-09-25 01:08:25.765]:             java.vendor.url => http://java.oracle.com/
[2024-09-25 01:08:25.765]:             java.vendor.url.bug => http://bugreport.sun.com/bugreport/
[2024-09-25 01:08:25.765]:             java.version => 1.8.0_161
[2024-09-25 01:08:25.765]:             java.vm.info => mixed mode
[2024-09-25 01:08:25.765]:             java.vm.name => Java HotSpot(TM) 64-Bit Server VM
[2024-09-25 01:08:25.765]:             java.vm.specification.name => Java Virtual Machine Specification
[2024-09-25 01:08:25.765]:             java.vm.specification.vendor => Oracle Corporation
[2024-09-25 01:08:25.765]:             java.vm.specification.version => 1.8
[2024-09-25 01:08:25.765]:             java.vm.vendor => Oracle Corporation
[2024-09-25 01:08:25.765]:             java.vm.version => 25.161-b12
[2024-09-25 01:08:25.765]:             line.separator => 
[2024-09-25 01:08:25.765]:             netbeans.default_cachedir_root => C:\Users\prakriti\AppData\Local\NetBeans\Cache
[2024-09-25 01:08:25.765]:             netbeans.default_userdir_root => C:\Users\prakriti\AppData\Roaming\NetBeans
[2024-09-25 01:08:25.765]:             os.arch => amd64
[2024-09-25 01:08:25.765]:             os.name => Windows 10
[2024-09-25 01:08:25.765]:             os.version => 10.0
[2024-09-25 01:08:25.765]:             path.separator => ;
[2024-09-25 01:08:25.765]:             sun.arch.data.model => 64
[2024-09-25 01:08:25.765]:             sun.boot.class.path => C:\Program Files\Java\jre1.8.0_161\lib\resources.jar;C:\Program Files\Java\jre1.8.0_161\lib\rt.jar;C:\Program Files\Java\jre1.8.0_161\lib\sunrsasign.jar;C:\Program Files\Java\jre1.8.0_161\lib\jsse.jar;C:\Program Files\Java\jre1.8.0_161\lib\jce.jar;C:\Program Files\Java\jre1.8.0_161\lib\charsets.jar;C:\Program Files\Java\jre1.8.0_161\lib\jfr.jar;C:\Program Files\Java\jre1.8.0_161\classes
[2024-09-25 01:08:25.765]:             sun.boot.library.path => C:\Program Files\Java\jre1.8.0_161\bin
[2024-09-25 01:08:25.765]:             sun.cpu.endian => little
[2024-09-25 01:08:25.765]:             sun.cpu.isalist => amd64
[2024-09-25 01:08:25.765]:             sun.desktop => windows
[2024-09-25 01:08:25.765]:             sun.io.unicode.encoding => UnicodeLittle
[2024-09-25 01:08:25.765]:             sun.java.command => org.netbeans.installer.Installer --target glassfish-mod 4.1.1.0.1 --force-uninstall
[2024-09-25 01:08:25.765]:             sun.java.launcher => SUN_STANDARD
[2024-09-25 01:08:25.765]:             sun.jnu.encoding => Cp1252
[2024-09-25 01:08:25.765]:             sun.management.compiler => HotSpot 64-Bit Tiered Compilers
[2024-09-25 01:08:25.765]:             sun.os.patch.level => 
[2024-09-25 01:08:25.765]:             user.country => US
[2024-09-25 01:08:25.765]:             user.dir => C:\Windows\ImmersiveControlPanel
[2024-09-25 01:08:25.765]:             user.home => C:\Users\prakriti
[2024-09-25 01:08:25.765]:             user.language => en
[2024-09-25 01:08:25.765]:             user.name => prakriti
[2024-09-25 01:08:25.765]:             user.script => 
[2024-09-25 01:08:25.774]:             user.timezone => Asia/Calcutta
[2024-09-25 01:08:25.774]:             user.variant => 
[2024-09-25 01:08:25.774]:     ... end of target system information
[2024-09-25 01:08:25.774]:     exiting -- org.netbeans.installer.Installer.<init>():117
[2024-09-25 01:08:25.814]:     loading jni library
[2024-09-25 01:08:25.814]:         library resource path: native/jnilib/windows/windows-x64.dll
[2024-09-25 01:08:26.609]:         library file path: C:\Users\prakriti\AppData\Local\Temp\nbi-3112500722375276707.tmp
[2024-09-25 01:08:26.625]:         ... successfully loaded the library
[2024-09-25 01:08:26.634]:     entering -- org.netbeans.installer.Installer.<init>():122
[2024-09-25 01:08:26.634]:     parsing command-line arguments
[2024-09-25 01:08:26.634]:         ... parsing arguments : [--target], [glassfish-mod], [4.1.1.0.1], [--force-uninstall]
[2024-09-25 01:08:26.645]:         parsing command line parameter "--target"
[2024-09-25 01:08:26.645]:             target component:
[2024-09-25 01:08:26.645]:             ... uid:     glassfish-mod
[2024-09-25 01:08:26.645]:             ... version: 4.1.1.0.1
[2024-09-25 01:08:26.645]:         parsing command line parameter "--force-uninstall"
[2024-09-25 01:08:26.645]:     ... finished parsing command line arguments
[2024-09-25 01:08:26.645]:     exiting -- org.netbeans.installer.Installer.<init>():122
[2024-09-25 01:08:26.645]:     entering -- org.netbeans.installer.Installer.<init>():123
[2024-09-25 01:08:26.645]:     loading engine properties
[2024-09-25 01:08:26.645]:         loading engine properties
[2024-09-25 01:08:26.645]:             loading nbi.wizard.ui.swing.frame.width.default => 600
[2024-09-25 01:08:26.645]:             loading nbi.wizard.ui.swing.frame.width.gtk => 704
[2024-09-25 01:08:26.645]:             loading nbi.wizard.ui.swing.frame.head.right.image => resource:org/netbeans/installer/wizard/wizard-description-background.png
[2024-09-25 01:08:26.645]:             loading nbi.wizard.ui.swing.frame.minimum.width.nimbus => 624
[2024-09-25 01:08:26.645]:             loading nbi.wizard.ui.swing.frame.minimum.height.win.xp => 450
[2024-09-25 01:08:26.645]:             loading nbi.wizard.ui.swing.frame.minimum.height.nimbus => 512
[2024-09-25 01:08:26.645]:             loading nbi.wizard.ui.swing.frame.title.prefix => NetBeans IDE Installer
[2024-09-25 01:08:26.645]:             loading nbi.wizard.ui.swing.frame.width.nimbus => 624
[2024-09-25 01:08:26.645]:             loading nbi.wizard.ui.swing.frame.width.win.xp => 600
[2024-09-25 01:08:26.645]:             loading nbi.overall.license.jdk5.resource => org/netbeans/installer/product/components/netbeans-license-jdk5.txt
[2024-09-25 01:08:26.645]:             loading nbi.wizard.ui.swing.frame.minimum.height.win.classic => 442
[2024-09-25 01:08:26.645]:             loading nbi.overall.license.jtb.resource => org/netbeans/installer/product/components/netbeans-license-jtb.txt
[2024-09-25 01:08:26.645]:             loading nbi.wizard.ui.swing.frame.minimum.width.default => 600
[2024-09-25 01:08:26.645]:             loading nbi.wizard.ui.swing.frame.height.motif => 470
[2024-09-25 01:08:26.645]:             loading nbi.wizard.ui.swing.frame.height.aqua => 480
[2024-09-25 01:08:26.645]:             loading nbi.wizard.ui.swing.frame.minimum.width.win.xp => 600
[2024-09-25 01:08:26.645]:             loading nbi.wizard.ui.swing.frame.minimum.height.aqua => 480
[2024-09-25 01:08:26.645]:             loading nbi.overall.license.jdk6.resource => org/netbeans/installer/product/components/netbeans-license-jdk6.txt
[2024-09-25 01:08:26.645]:             loading nbi.wizard.ui.swing.frame.minimum.height.default => 500
[2024-09-25 01:08:26.645]:             loading nbi.product.suggest.install => true
[2024-09-25 01:08:26.645]:             loading nbi.overall.license.mysql.resource => org/netbeans/installer/product/components/netbeans-license-mysql.txt
[2024-09-25 01:08:26.645]:             loading nbi.wizard.ui.swing.frame.icon => resource:org/netbeans/installer/wizard/wizard-icon.png
[2024-09-25 01:08:26.645]:             loading nbi.wizard.ui.swing.frame.minimum.height.gtk => 528
[2024-09-25 01:08:26.645]:             loading nbi.wizard.ui.swing.frame.width.aqua => 640
[2024-09-25 01:08:26.645]:             loading nbi.wizard.ui.swing.frame.minimum.height.motif => 470
[2024-09-25 01:08:26.645]:             loading nbi.wizard.ui.swing.frame.width.motif => 624
[2024-09-25 01:08:26.645]:             loading nbi.product.remove.corrupted.products.silently => true
[2024-09-25 01:08:26.645]:             loading nbi.wizard.ui.swing.frame.minimum.width.win.classic => 588
[2024-09-25 01:08:26.645]:             loading nbi.wizard.ui.swing.welcome.left.bottom.image => resource:org/netbeans/installer/wizard/components/panels/netbeans/resources/welcome-left-bottom.png
[2024-09-25 01:08:26.645]:             loading nbi.overall.license.resource => org/netbeans/installer/product/components/netbeans-license.txt
[2024-09-25 01:08:26.645]:             loading nbi.macosx.application.directory.name => NetBeans IDE Installer
[2024-09-25 01:08:26.645]:             loading nbi.wizard.ui.swing.frame.height.gtk => 528
[2024-09-25 01:08:26.645]:             loading nbi.wizard.ui.swing.frame.minimum.width.metal => 624
[2024-09-25 01:08:26.645]:             loading nbi.wizard.ui.swing.frame.minimum.width.motif => 624
[2024-09-25 01:08:26.645]:             loading nbi.wizard.ui.swing.frame.height.metal => 470
[2024-09-25 01:08:26.645]:             loading nbi.wizard.ui.swing.frame.minimum.width.gtk => 704
[2024-09-25 01:08:26.645]:             loading nbi.junit.license.resource => org/netbeans/installer/product/components/junit-license.txt
[2024-09-25 01:08:26.645]:             loading nbi.wizard.ui.swing.frame.width.metal => 624
[2024-09-25 01:08:26.645]:             loading nbi.wizard.ui.swing.frame.height.win.classic => 442
[2024-09-25 01:08:26.645]:             loading nbi.wizard.ui.swing.frame.height.win.xp => 450
[2024-09-25 01:08:26.645]:             loading nbi.wizard.ui.swing.frame.height.default => 500
[2024-09-25 01:08:26.645]:             loading nbi.wizard.ui.swing.frame.height.nimbus => 512
[2024-09-25 01:08:26.645]:             loading nbi.overall.license.javafx.resource => org/netbeans/installer/product/components/netbeans-license-javafx.txt
[2024-09-25 01:08:26.645]:             loading nbi.wizard.ui.swing.frame.title.pattern => {0}
[2024-09-25 01:08:26.645]:             loading nbi.wizard.ui.swing.frame.width.win.classic => 588
[2024-09-25 01:08:26.645]:             loading nbi.wizard.ui.swing.frame.minimum.width.aqua => 640
[2024-09-25 01:08:26.645]:             loading nbi.wizard.ui.swing.frame.minimum.height.metal => 470
[2024-09-25 01:08:26.645]:     ... finished loading engine properties
[2024-09-25 01:08:26.645]:     exiting -- org.netbeans.installer.Installer.<init>():123
[2024-09-25 01:08:26.645]:     initializing the local directory
[2024-09-25 01:08:26.645]:         ... custom local directory was not specified, using the default
[2024-09-25 01:08:26.645]:         ... local directory: C:\Users\prakriti\.nbi
[2024-09-25 01:08:26.645]:     ... finished initializing local directory
[2024-09-25 01:08:26.692]:     entering -- org.netbeans.installer.Installer.<init>():129
[2024-09-25 01:08:26.692]:     ... initializing DownloadManager
[2024-09-25 01:08:26.704]:         file not exist, queue is empty!
[2024-09-25 01:08:26.715]:     ... end of initializing DownloadManager
[2024-09-25 01:08:26.715]:     exiting -- org.netbeans.installer.Installer.<init>():129
[2024-09-25 01:08:26.715]:     entering -- org.netbeans.installer.Installer.<init>():130
[2024-09-25 01:08:26.715]:     ... initializing Registry
[2024-09-25 01:08:26.725]:     ... end of initializing ErrorHandler
[2024-09-25 01:08:26.725]:     exiting -- org.netbeans.installer.Installer.<init>():130
[2024-09-25 01:08:26.725]:     entering -- org.netbeans.installer.Installer.<init>():131
[2024-09-25 01:08:26.725]:     ... initializing Wizard
[2024-09-25 01:08:26.954]:         ... loading registry from resource:data/registry.xml
[2024-09-25 01:08:26.974]:         entering -- org.netbeans.installer.product.Registry.loadProductRegistry():1001
[2024-09-25 01:08:26.974]:         validating previous installations
[2024-09-25 01:08:26.974]:         ... validating installations finished
[2024-09-25 01:08:26.979]:         exiting -- org.netbeans.installer.product.Registry.loadProductRegistry():1001
[2024-09-25 01:08:26.985]:         Can`t load message in bundle org.netbeans.installer.wizard.components.panels.netbeans.Bundle for key NPrISP.installation.folders using [sun.misc.Launcher$AppClassLoader@33909752] classloader
[2024-09-25 01:08:27.005]:     ... end of initializing Wizard
[2024-09-25 01:08:27.005]:     exiting -- org.netbeans.installer.Installer.<init>():131
[2024-09-25 01:08:27.005]:     creating lock file
[2024-09-25 01:08:27.005]:         ... created lock file: C:\Users\prakriti\.nbi\.nbilock
[2024-09-25 01:08:27.005]:     finished creating lock file
[2024-09-25 01:08:27.005]: ... finished initializing the engine
[2024-09-25 01:08:27.005]: exiting -- org.netbeans.installer.Installer.main():81
[2024-09-25 01:08:27.005]: entering -- org.netbeans.installer.Installer.main():81
[2024-09-25 01:08:27.005]: starting the installer
[2024-09-25 01:08:27.009]:     ... initializing look and feel
[2024-09-25 01:08:27.011]:         ... custom look and feel class name was not specified, using system default
[2024-09-25 01:08:27.218]:         ... class name: com.sun.java.swing.plaf.windows.WindowsLookAndFeel
[2024-09-25 01:08:27.218]:         ... get installed L&Fs
[2024-09-25 01:08:27.251]:         ... set specified L&F
[2024-09-25 01:08:27.285]:         ... check headless
[2024-09-25 01:08:27.285]:         ... creating JFileChooser object to check possible issues with UI
[2024-09-25 01:08:28.420]:         ... getting default Toolkit to check possible issues with UI
[2024-09-25 01:08:28.420]:         ... creating JProgressBar object to check possible issues with UI
[2024-09-25 01:08:28.424]:         ... all UI checks done
[2024-09-25 01:08:28.424]:         ... L&F is set
[2024-09-25 01:08:28.424]:     ... initializing L&F finished
[2024-09-25 01:08:28.669]:     NameResolver - to parse &Help!
[2024-09-25 01:08:28.674]:     NameResolver - to parse < &Back
[2024-09-25 01:08:28.674]:     NameResolver - to parse &Next >
[2024-09-25 01:08:28.674]:     NameResolver - to parse Cancel
[2024-09-25 01:08:28.683]:     NameResolver - to parse Configuring the Installer...
[2024-09-25 01:08:28.683]:     NameResolver - to parse Configuring the Installer...
[2024-09-25 01:08:28.689]:     NameResolver - to parse Configuring the Installer...
[2024-09-25 01:08:28.694]:     NameResolver - to parse Configuring the Installer...
[2024-09-25 01:08:28.694]:     NameResolver - to parse Please wait while NetBeans IDE installer initializes
[2024-09-25 01:08:28.734]:     NameResolver - to parse Configuring the Installer...
[2024-09-25 01:08:28.734]:     NameResolver - to parse Please wait while NetBeans IDE installer initializes
[2024-09-25 01:08:28.734]: ... finished starting the installer
[2024-09-25 01:08:28.734]: exiting -- org.netbeans.installer.Installer.main():81
[2024-09-25 01:08:28.734]: NameResolver - to parse Configuring the Installer...
[2024-09-25 01:08:28.734]: entering -- org.netbeans.installer.wizard.components.actions.InitializeRegistryAction.execute():73
[2024-09-25 01:08:28.734]: initializing product registry
[2024-09-25 01:08:28.734]:     entering -- org.netbeans.installer.product.Registry.initializeRegistry():190
[2024-09-25 01:08:28.734]:     initializing product registry properties
[2024-09-25 01:08:28.734]:         initializing local product cache directory
[2024-09-25 01:08:28.734]:         ... C:\Users\prakriti\.nbi\product-cache
[2024-09-25 01:08:28.734]:         initializing local product registry file
[2024-09-25 01:08:28.734]:             ... C:\Users\prakriti\.nbi\registry.xml
[2024-09-25 01:08:28.734]:             initializing local product registry stub uri
[2024-09-25 01:08:28.734]:             ... resource:org/netbeans/installer/product/default-registry.xml
[2024-09-25 01:08:28.734]:             initializing bundled product registry uri
[2024-09-25 01:08:28.734]:             ... resource:data/registry.xml
[2024-09-25 01:08:28.734]:             initializing product registry schema uri
[2024-09-25 01:08:28.734]:             ... resource:org/netbeans/installer/product/registry.xsd
[2024-09-25 01:08:28.734]:             initializing remote product registries uris
[2024-09-25 01:08:28.734]:             initializing state file schema uri
[2024-09-25 01:08:28.734]:             ... resource:org/netbeans/installer/product/state-file.xsd
[2024-09-25 01:08:28.734]:             initializing default state file uri
[2024-09-25 01:08:28.734]:             ... resource:org/netbeans/installer/product/default-state-file.xml
[2024-09-25 01:08:28.734]:             initializing target platform
[2024-09-25 01:08:28.734]:             ... windows-x64
[2024-09-25 01:08:28.734]:     initializing product registry properties
[2024-09-25 01:08:28.734]:     exiting -- org.netbeans.installer.product.Registry.initializeRegistry():190
[2024-09-25 01:08:28.746]:     ... loading registry from file:/C:/Users/prakriti/.nbi/registry.xml
[2024-09-25 01:08:28.873]:     entering -- org.netbeans.installer.product.Registry.loadProductRegistry():1001
[2024-09-25 01:08:28.873]:     validating previous installations
[2024-09-25 01:08:29.127]:         NameResolver - to parse C:\Program Files\NetBeans 8.2
[2024-09-25 01:08:29.139]:         NameResolver - to parse C:\Program Files\NetBeans 8.2
[2024-09-25 01:08:29.155]:         NameResolver - to parse C:\Program Files\NetBeans 8.2
[2024-09-25 01:08:29.165]:         NameResolver - to parse C:\Program Files\NetBeans 8.2
[2024-09-25 01:08:29.181]:         NameResolver - to parse C:\Program Files\NetBeans 8.2
[2024-09-25 01:08:29.185]:         NameResolver - to parse C:\Program Files\NetBeans 8.2
[2024-09-25 01:08:29.194]:         NameResolver - to parse C:\Program Files\NetBeans 8.2
[2024-09-25 01:08:29.194]:         NameResolver - to parse C:\Program Files\NetBeans 8.2
[2024-09-25 01:08:29.206]:         NameResolver - to parse C:\Program Files\NetBeans 8.2
[2024-09-25 01:08:29.214]:         NameResolver - to parse C:\Program Files\NetBeans 8.2
[2024-09-25 01:08:29.224]:         NameResolver - to parse C:\Program Files\NetBeans 8.2
[2024-09-25 01:08:29.244]:         NameResolver - to parse C:\Program Files\glassfish-4.1.1
[2024-09-25 01:08:29.254]:     ... validating installations finished
[2024-09-25 01:08:29.254]:     exiting -- org.netbeans.installer.product.Registry.loadProductRegistry():1001
[2024-09-25 01:08:29.254]:     ... loading registry from resource:data/registry.xml
[2024-09-25 01:08:29.264]:     entering -- org.netbeans.installer.product.Registry.loadProductRegistry():1001
[2024-09-25 01:08:29.264]:     validating previous installations
[2024-09-25 01:08:29.264]:         NameResolver - to parse C:\Program Files\NetBeans 8.2
[2024-09-25 01:08:29.269]:         NameResolver - to parse C:\Program Files\NetBeans 8.2
[2024-09-25 01:08:29.269]:         NameResolver - to parse C:\Program Files\NetBeans 8.2
[2024-09-25 01:08:29.269]:         NameResolver - to parse C:\Program Files\NetBeans 8.2
[2024-09-25 01:08:29.269]:         NameResolver - to parse C:\Program Files\NetBeans 8.2
[2024-09-25 01:08:29.269]:         NameResolver - to parse C:\Program Files\NetBeans 8.2
[2024-09-25 01:08:29.274]:         NameResolver - to parse C:\Program Files\NetBeans 8.2
[2024-09-25 01:08:29.274]:         NameResolver - to parse C:\Program Files\NetBeans 8.2
[2024-09-25 01:08:29.274]:         NameResolver - to parse C:\Program Files\NetBeans 8.2
[2024-09-25 01:08:29.274]:         NameResolver - to parse C:\Program Files\NetBeans 8.2
[2024-09-25 01:08:29.277]:         NameResolver - to parse C:\Program Files\NetBeans 8.2
[2024-09-25 01:08:29.277]:         NameResolver - to parse C:\Program Files\glassfish-4.1.1
[2024-09-25 01:08:29.277]:     ... validating installations finished
[2024-09-25 01:08:29.277]:     exiting -- org.netbeans.installer.product.Registry.loadProductRegistry():1001
[2024-09-25 01:08:29.284]: ... product registry initialization complete
[2024-09-25 01:08:29.284]: exiting -- org.netbeans.installer.wizard.components.actions.InitializeRegistryAction.execute():73
[2024-09-25 01:08:29.324]: NameResolver - to parse &Help!
[2024-09-25 01:08:29.324]: NameResolver - to parse < &Back
[2024-09-25 01:08:29.324]: NameResolver - to parse &Uninstall
[2024-09-25 01:08:29.324]: NameResolver - to parse Cancel
[2024-09-25 01:08:29.324]: NameResolver - to parse &Uninstall
[2024-09-25 01:08:29.324]: NameResolver - to parse The following components will be uninstalled:
[2024-09-25 01:08:29.324]: NameResolver - to parse Total Installation Size:
[2024-09-25 01:08:29.324]: NameResolver - to parse Total Download Size:
[2024-09-25 01:08:29.374]: Roots : C:\, D:\, E:\
[2024-09-25 01:08:29.381]: NameResolver - to parse C:\Program Files\glassfish-4.1.1
[2024-09-25 01:08:29.381]: NameResolver - to parse Summary
[2024-09-25 01:08:29.381]: NameResolver - to parse Summary
[2024-09-25 01:08:29.381]: Roots : C:\, D:\, E:\
[2024-09-25 01:08:29.381]: NameResolver - to parse Summary
[2024-09-25 01:08:29.384]: NameResolver - to parse Summary
[2024-09-25 01:08:29.384]: NameResolver - to parse C:\Program Files\glassfish-4.1.1
[2024-09-25 01:08:29.384]: NameResolver - to parse Click Uninstall to start the uninstallation.
[2024-09-25 01:08:29.394]: NameResolver - to parse Summary
[2024-09-25 01:08:29.394]: NameResolver - to parse Click Uninstall to start the uninstallation.
[2024-09-25 01:08:31.390]: Roots : C:\, D:\, E:\
[2024-09-25 01:08:31.391]: NameResolver - to parse C:\Program Files\glassfish-4.1.1
[2024-09-25 01:08:33.402]: Roots : C:\, D:\, E:\
[2024-09-25 01:08:33.402]: NameResolver - to parse C:\Program Files\glassfish-4.1.1
[2024-09-25 01:08:34.711]: NameResolver - to parse Cancel
[2024-09-25 01:08:34.711]: NameResolver - to parse Are you sure you want to cancel?
[2024-09-25 01:08:34.711]: ... showing Yes/No dialog
[2024-09-25 01:08:34.711]:     title: Cancel
[2024-09-25 01:08:34.711]:     message: Are you sure you want to cancel?
[2024-09-25 01:08:39.100]: ... dialog closed, choice : yes
